0 silly input [ 'test' ]
1 silly flags { _: [ 'run' ],
1 silly flags   'reject-cycles': false,
1 silly flags   rejectCycles: false,
1 silly flags   script: 'test',
1 silly flags   args: [] }
2 verbose rootPath /home/engrsunday/workspace/provoice
3 info version 2.11.0
4 silly existsSync /home/engrsunday/workspace/provoice/VERSION
5 silly initialize attempt
6 silly initialize success
7 silly execute attempt
8 silly runScriptInDir test [] provoice-api
9 silly getExecOpts { cwd: '/home/engrsunday/workspace/provoice/packages/provoice-api' }
10 silly runScriptInDir test [] provoice-desktop
11 silly getExecOpts { cwd: '/home/engrsunday/workspace/provoice/packages/provoice-desktop' }
12 silly runScriptInDir test [] provoice-mobile
13 silly getExecOpts { cwd: '/home/engrsunday/workspace/provoice/packages/provoice-mobile' }
14 silly runScriptInDir test [] provoice-web
15 silly getExecOpts { cwd: '/home/engrsunday/workspace/provoice/packages/provoice-web' }
16 error test Errored while running script in 'provoice-mobile'
17 error execute callback with error
18 error Error: Command failed: npm run test
18 error npm ERR! code ELIFECYCLE
18 error npm ERR! errno 1
18 error npm ERR! provoice-mobile@1.0.0 test: `echo "Error: no test specified" && exit 1`
18 error npm ERR! Exit status 1
18 error npm ERR!
18 error npm ERR! Failed at the provoice-mobile@1.0.0 test script.
18 error npm ERR! This is probably not a problem with npm. There is likely additional logging output above.
18 error npm WARN Local package.json exists, but node_modules missing, did you mean to install?
18 error
18 error npm ERR! A complete log of this run can be found in:
18 error npm ERR!     /home/engrsunday/.npm/_logs/2018-07-05T08_53_50_897Z-debug.log
18 error
18 error > provoice-mobile@1.0.0 test /home/engrsunday/workspace/provoice/packages/provoice-mobile
18 error > echo "Error: no test specified" && exit 1
18 error
18 error Error: no test specified
18 error
18 error     at Promise.all.then.arr (/home/engrsunday/.nvm/versions/node/v8.11.1/lib/node_modules/lerna/node_modules/execa/index.js:236:11)
18 error     at <anonymous>
